<?xml version="1.0" encoding="UTF-8"?>
<testng-results ignored="0" total="2" passed="2" failed="0" skipped="0">
  <reporter-output>
  </reporter-output>
  <suite started-at="2024-12-13T01:03:41 IST" name="Default suite" finished-at="2024-12-13T01:04:01 IST" duration-ms="19696">
    <groups>
    </groups>
    <test started-at="2024-12-13T01:03:41 IST" name="Default test" finished-at="2024-12-13T01:04:01 IST" duration-ms="19696">
      <class name="com.qa.testcases.LoginTestDriverData">
        <test-method is-config="true" signature="setUpSuite()[pri:0, instance:com.qa.testcases.LoginTestDriverData@1ed6388a]" started-at="2024-12-13T01:03:41 IST" name="setUpSuite" finished-at="2024-12-13T01:03:41 IST" duration-ms="6" status="PASS">
          <reporter-output>
          </reporter-output>
        </test-method> <!-- setUpSuite -->
        <test-method is-config="true" signature="setUp()[pri:0, instance:com.qa.testcases.LoginTestDriverData@1ed6388a]" started-at="2024-12-13T01:03:41 IST" name="setUp" finished-at="2024-12-13T01:03:48 IST" duration-ms="7439" status="PASS">
          <reporter-output>
          </reporter-output>
        </test-method> <!-- setUp -->
        <test-method signature="verifyLogin(java.lang.String,java.lang.String)[pri:1, instance:com.qa.testcases.LoginTestDriverData@1ed6388a]" started-at="2024-12-13T01:03:50 IST" name="verifyLogin" data-provider="LoginDataProvider" finished-at="2024-12-13T01:03:55 IST" duration-ms="5090" status="PASS">
          <params>
            <param index="0">
              <value>
                <![CDATA[Demo12]]>
              </value>
            </param>
            <param index="1">
              <value>
                <![CDATA[Test123456$]]>
              </value>
            </param>
          </params>
          <reporter-output>
          </reporter-output>
        </test-method> <!-- verifyLogin -->
        <test-method signature="verifyLogin(java.lang.String,java.lang.String)[pri:1, instance:com.qa.testcases.LoginTestDriverData@1ed6388a]" started-at="2024-12-13T01:03:55 IST" name="verifyLogin" data-provider="LoginDataProvider" finished-at="2024-12-13T01:04:00 IST" duration-ms="4914" status="PASS">
          <params>
            <param index="0">
              <value>
                <![CDATA[Demo12]]>
              </value>
            </param>
            <param index="1">
              <value>
                <![CDATA[Test123456$]]>
              </value>
            </param>
          </params>
          <reporter-output>
          </reporter-output>
        </test-method> <!-- verifyLogin -->
        <test-method is-config="true" signature="tearDown()[pri:0, instance:com.qa.testcases.LoginTestDriverData@1ed6388a]" started-at="2024-12-13T01:04:00 IST" name="tearDown" finished-at="2024-12-13T01:04:01 IST" duration-ms="404" status="PASS">
          <reporter-output>
          </reporter-output>
        </test-method> <!-- tearDown -->
      </class> <!-- com.qa.testcases.LoginTestDriverData -->
    </test> <!-- Default test -->
  </suite> <!-- Default suite -->
</testng-results>
